---
tags:
  - postgresql
  - explain
  - performance
  - optimization
  - query-tuning
  - indexes
aliases:
  - PostgreSQL EXPLAIN
  - PostgreSQL Query Analysis
  - –ê–Ω–∞–ª—ñ–∑ –∑–∞–ø–∏—Ç—ñ–≤ PostgreSQL
created: 2025-01-17
topic: PostgreSQL Performance
---

# üîç PostgreSQL - EXPLAIN Guide

> –ú–∞–π—Å—Ç–µ—Ä–Ω—ñ—Å—Ç—å –∞–Ω–∞–ª—ñ–∑—É –ø–ª–∞–Ω—ñ–≤ –≤–∏–∫–æ–Ω–∞–Ω–Ω—è –¥–ª—è –æ–ø—Ç–∏–º—ñ–∑–∞—Ü—ñ—ó –∑–∞–ø–∏—Ç—ñ–≤

## üéØ –©–æ —Ç–∞–∫–µ EXPLAIN?

**EXPLAIN** –ø–æ–∫–∞–∑—É—î –ø–ª–∞–Ω –≤–∏–∫–æ–Ω–∞–Ω–Ω—è –∑–∞–ø–∏—Ç—É, —è–∫–∏–π –æ–±—Ä–∞–≤ PostgreSQL query planner. –¶–µ –≥–æ–ª–æ–≤–Ω–∏–π —ñ–Ω—Å—Ç—Ä—É–º–µ–Ω—Ç –¥–ª—è –¥—ñ–∞–≥–Ω–æ—Å—Ç–∏–∫–∏ –ø–æ–≤—ñ–ª—å–Ω–∏—Ö –∑–∞–ø–∏—Ç—ñ–≤.

**EXPLAIN ANALYZE** ‚Äî –¥–æ–¥–∞—Ç–∫–æ–≤–æ **–≤–∏–∫–æ–Ω—É—î –∑–∞–ø–∏—Ç** —ñ –ø–æ–∫–∞–∑—É—î —Ä–µ–∞–ª—å–Ω—ñ –º–µ—Ç—Ä–∏–∫–∏.

## üöÄ –®–≤–∏–¥–∫–∏–π —Å—Ç–∞—Ä—Ç

### –ë–∞–∑–æ–≤–∏–π —Å–∏–Ω—Ç–∞–∫—Å–∏—Å

```sql
-- –ü–æ–∫–∞–∑–∞—Ç–∏ –ø–ª–∞–Ω –ë–ï–ó –≤–∏–∫–æ–Ω–∞–Ω–Ω—è
EXPLAIN 
SELECT * FROM users WHERE email = 'user@example.com';

-- –í–∏–∫–æ–Ω–∞—Ç–∏ —ñ –ø–æ–∫–∞–∑–∞—Ç–∏ —Ä–µ–∞–ª—å–Ω—ñ –º–µ—Ç—Ä–∏–∫–∏
EXPLAIN ANALYZE
SELECT * FROM users WHERE email = 'user@example.com';

-- –ó –¥–æ–¥–∞—Ç–∫–æ–≤–∏–º–∏ –¥–µ—Ç–∞–ª—è–º–∏
EXPLAIN (ANALYZE, BUFFERS, VERBOSE, TIMING)
SELECT * FROM users WHERE email = 'user@example.com';
```

### –û–ø—Ü—ñ—ó EXPLAIN

| –û–ø—Ü—ñ—è | –ü—Ä–∏–∑–Ω–∞—á–µ–Ω–Ω—è | –†–µ–∫–æ–º–µ–Ω–¥–∞—Ü—ñ—è |
|-------|-------------|--------------|
| **ANALYZE** | –í–∏–∫–æ–Ω—É—î –∑–∞–ø–∏—Ç, –ø–æ–∫–∞–∑—É—î —Ä–µ–∞–ª—å–Ω–∏–π —á–∞—Å | ‚úÖ –ó–∞–≤–∂–¥–∏ –¥–ª—è –¥—ñ–∞–≥–Ω–æ—Å—Ç–∏–∫–∏ |
| **BUFFERS** | –ü–æ–∫–∞–∑—É—î –≤–∏–∫–æ—Ä–∏—Å—Ç–∞–Ω–Ω—è –∫–µ—à—É | ‚úÖ –í–∞–∂–ª–∏–≤–æ –¥–ª—è I/O –∞–Ω–∞–ª—ñ–∑—É |
| **VERBOSE** | –î–µ—Ç–∞–ª—å–Ω–∏–π –≤–∏–≤—ñ–¥ –∫–æ–ª–æ–Ω–æ–∫ | ‚ö†Ô∏è –î–ª—è —Å–∫–ª–∞–¥–Ω–∏—Ö –∑–∞–ø–∏—Ç—ñ–≤ |
| **TIMING** | –î–µ—Ç–∞–ª—å–Ω–∏–π —á–∞—Å –∫–æ–∂–Ω–æ–≥–æ –≤—É–∑–ª–∞ | ‚ö†Ô∏è –î–æ–¥–∞—î overhead |
| **COSTS** | –ü–æ–∫–∞–∑—É—î –æ—Ü—ñ–Ω–∫–∏ cost (–¥–µ—Ñ–æ–ª—Ç ON) | ‚úÖ –ó–∞–≤–∂–¥–∏ ON |
| **FORMAT** | JSON / XML / YAML | üìä –î–ª—è –ø–∞—Ä—Å–∏–Ω–≥–∞ —Å–∫—Ä–∏–ø—Ç–∞–º–∏ |

## üìä –†–æ–∑—É–º—ñ–Ω–Ω—è output

### –ü—Ä–æ—Å—Ç–∏–π –ø—Ä–∏–∫–ª–∞–¥

```sql
EXPLAIN ANALYZE
SELECT * FROM users WHERE id = 123;
```

```
Index Scan using users_pkey on users  
  (cost=0.29..8.31 rows=1 width=524) 
  (actual time=0.015..0.017 rows=1 loops=1)
  Index Cond: (id = 123)
Planning Time: 0.123 ms
Execution Time: 0.045 ms
```

**–†–æ–∑—à–∏—Ñ—Ä–æ–≤–∫–∞**:

```
Index Scan using users_pkey on users
‚îÇ
‚îú‚îÄ –¢–∏–ø –æ–ø–µ—Ä–∞—Ü—ñ—ó: Index Scan
‚îú‚îÄ –í–∏–∫–æ—Ä–∏—Å—Ç–∞–Ω–∏–π —ñ–Ω–¥–µ–∫—Å: users_pkey
‚îî‚îÄ –¢–∞–±–ª–∏—Ü—è: users

(cost=0.29..8.31 rows=1 width=524)
‚îÇ      ‚îÇ      ‚îÇ      ‚îÇ       ‚îÇ
‚îÇ      ‚îÇ      ‚îÇ      ‚îÇ       ‚îî‚îÄ –°–µ—Ä–µ–¥–Ω—ñ–π —Ä–æ–∑–º—ñ—Ä —Ä—è–¥–∫–∞ (bytes)
‚îÇ      ‚îÇ      ‚îÇ      ‚îî‚îÄ –û—á—ñ–∫—É–≤–∞–Ω–∞ –∫—ñ–ª—å–∫—ñ—Å—Ç—å —Ä—è–¥–∫—ñ–≤
‚îÇ      ‚îÇ      ‚îî‚îÄ Total cost (—É–º–æ–≤–Ω—ñ –æ–¥–∏–Ω–∏—Ü—ñ)
‚îÇ      ‚îî‚îÄ Startup cost (–¥–æ –ø–æ—á–∞—Ç–∫—É –≤–∏–≤–æ–¥—É)
‚îÇ
‚îî‚îÄ –û—Ü—ñ–Ω–∫–∞ –ø–ª–∞–Ω—É–≤–∞–ª—å–Ω–∏–∫–∞ (–ù–ï —Ä–µ–∞–ª—å–Ω—ñ –¥–∞–Ω—ñ!)

(actual time=0.015..0.017 rows=1 loops=1)
‚îÇ            ‚îÇ      ‚îÇ       ‚îÇ      ‚îÇ
‚îÇ            ‚îÇ      ‚îÇ       ‚îÇ      ‚îî‚îÄ –ö—ñ–ª—å–∫—ñ—Å—Ç—å –≤–∏–∫–æ–Ω–∞–Ω—å –≤—É–∑–ª–∞
‚îÇ            ‚îÇ      ‚îÇ       ‚îî‚îÄ –†–µ–∞–ª—å–Ω–∞ –∫—ñ–ª—å–∫—ñ—Å—Ç—å —Ä—è–¥–∫—ñ–≤
‚îÇ            ‚îÇ      ‚îî‚îÄ –ß–∞—Å –¥–æ –æ—Å—Ç–∞–Ω–Ω—å–æ–≥–æ —Ä—è–¥–∫–∞ (ms)
‚îÇ            ‚îî‚îÄ –ß–∞—Å –¥–æ –ø–µ—Ä—à–æ–≥–æ —Ä—è–¥–∫–∞ (ms)
‚îÇ
‚îî‚îÄ –†–ï–ê–õ–¨–ù–Ü –º–µ—Ç—Ä–∏–∫–∏ –≤—ñ–¥ ANALYZE
```

### ‚ö†Ô∏è –í–∞–∂–ª–∏–≤—ñ –º–æ–º–µ–Ω—Ç–∏

**Cost** ‚Äî —Ü–µ –ù–ï –º—ñ–ª—ñ—Å–µ–∫—É–Ω–¥–∏!
- –£–º–æ–≤–Ω—ñ –æ–¥–∏–Ω–∏—Ü—ñ –¥–ª—è –ø–æ—Ä—ñ–≤–Ω—è–Ω–Ω—è –ø–ª–∞–Ω—ñ–≤
- –ë–∞–∑—É—é—Ç—å—Å—è –Ω–∞ –∫–æ–Ω—Ñ—ñ–≥—É—Ä–∞—Ü—ñ—ó: `seq_page_cost`, `random_page_cost`, `cpu_tuple_cost`

**Actual time** ‚Äî —Ü–µ —Ä–µ–∞–ª—å–Ω–∏–π —á–∞—Å —É –º—ñ–ª—ñ—Å–µ–∫—É–Ω–¥–∞—Ö:
- –ü–µ—Ä—à–µ —á–∏—Å–ª–æ: —á–∞—Å –¥–æ –ø–µ—Ä—à–æ–≥–æ —Ä—è–¥–∫–∞
- –î—Ä—É–≥–µ —á–∏—Å–ª–æ: —á–∞—Å –¥–æ –æ—Å—Ç–∞–Ω–Ω—å–æ–≥–æ —Ä—è–¥–∫–∞

**Loops** ‚Äî –∫—ñ–ª—å–∫—ñ—Å—Ç—å –≤–∏–∫–æ–Ω–∞–Ω—å –≤—É–∑–ª–∞:
- –î–ª—è nested loops –º–æ–∂–µ –±—É—Ç–∏ >1
- **–ú–Ω–æ–∂—Ç–µ actual time –Ω–∞ loops** –¥–ª—è –∑–∞–≥–∞–ª—å–Ω–æ–≥–æ —á–∞—Å—É

## üé≠ –¢–∏–ø–∏ scan –æ–ø–µ—Ä–∞—Ü—ñ–π

### 1. Sequential Scan (Seq Scan)

**–ü–æ–≤–Ω–µ —Å–∫–∞–Ω—É–≤–∞–Ω–Ω—è —Ç–∞–±–ª–∏—Ü—ñ** —Ä—è–¥–æ–∫ –∑–∞ —Ä—è–¥–∫–æ–º.

```sql
EXPLAIN ANALYZE
SELECT * FROM users WHERE age > 18;
```

```
Seq Scan on users  (cost=0.00..1725.00 rows=50000 width=524)
  Filter: (age > 18)
  Rows Removed by Filter: 10000
```

**–ö–æ–ª–∏ –≤—ñ–¥–±—É–≤–∞—î—Ç—å—Å—è**:
- –ù–µ–º–∞—î —ñ–Ω–¥–µ–∫—Å—É
- –ó–∞–ø–∏—Ç –ø–æ–≤–µ—Ä—Ç–∞—î >10-15% —Ä—è–¥–∫—ñ–≤ (—ñ–Ω–¥–µ–∫—Å –Ω–µ –µ—Ñ–µ–∫—Ç–∏–≤–Ω–∏–π)
- –¢–∞–±–ª–∏—Ü—è –¥—É–∂–µ –º–∞–ª–∞ (<10 —Å—Ç–æ—Ä—ñ–Ω–æ–∫)

**‚úÖ –î–æ–±—Ä–µ**: –î–ª—è –º–∞–ª–∏—Ö —Ç–∞–±–ª–∏—Ü—å –∞–±–æ –∫–æ–ª–∏ –ø–æ—Ç—Ä—ñ–±–Ω–∞ –±—ñ–ª—å—à—ñ—Å—Ç—å —Ä—è–¥–∫—ñ–≤  
**‚ùå –ü–æ–≥–∞–Ω–æ**: –î–ª—è –≤–µ–ª–∏–∫–∏—Ö —Ç–∞–±–ª–∏—Ü—å –∑ –≤–∏—Å–æ–∫–æ—é —Å–µ–ª–µ–∫—Ç–∏–≤–Ω—ñ—Å—Ç—é

### 2. Index Scan

**–í–∏–∫–æ—Ä–∏—Å—Ç–∞–Ω–Ω—è —ñ–Ω–¥–µ–∫—Å—É** –¥–ª—è –ø–æ—à—É–∫—É —Ä—è–¥–∫—ñ–≤.

```sql
EXPLAIN ANALYZE
SELECT * FROM users WHERE email = 'user@example.com';
```

```
Index Scan using idx_users_email on users  
  (cost=0.42..8.44 rows=1 width=524)
  Index Cond: (email = 'user@example.com'::text)
```

**–ï—Ç–∞–ø–∏**:
1. –ü–æ—à—É–∫ –≤ —ñ–Ω–¥–µ–∫—Å—ñ (B-tree traversal)
2. –ß–∏—Ç–∞–Ω–Ω—è heap page (—Ñ—ñ–∑–∏—á–Ω–µ —á–∏—Ç–∞–Ω–Ω—è —Ä—è–¥–∫–∞ –∑ —Ç–∞–±–ª–∏—Ü—ñ)

**‚úÖ –î–æ–±—Ä–µ**: –î–ª—è –≤–∏—Å–æ–∫–æ—Å–µ–ª–µ–∫—Ç–∏–≤–Ω–∏—Ö –∑–∞–ø–∏—Ç—ñ–≤ (<1-5% —Ä—è–¥–∫—ñ–≤)  
**‚ùå –ü–æ–≥–∞–Ω–æ**: –î–ª—è –Ω–∏–∑—å–∫–æ—ó —Å–µ–ª–µ–∫—Ç–∏–≤–Ω–æ—Å—Ç—ñ (–±–∞–≥–∞—Ç–æ random I/O)

### 3. Index Only Scan

**–ß–∏—Ç–∞–Ω–Ω—è —Ç—ñ–ª—å–∫–∏ –∑ —ñ–Ω–¥–µ–∫—Å—É** –±–µ–∑ –¥–æ—Å—Ç—É–ø—É –¥–æ —Ç–∞–±–ª–∏—Ü—ñ.

```sql
CREATE INDEX idx_users_email_name ON users(email, name);

EXPLAIN ANALYZE
SELECT email, name FROM users WHERE email = 'user@example.com';
```

```
Index Only Scan using idx_users_email_name on users  
  (cost=0.42..8.44 rows=1 width=64)
  Index Cond: (email = 'user@example.com'::text)
  Heap Fetches: 0
```

**–£–º–æ–≤–∏**:
- –í—Å—ñ –∫–æ–ª–æ–Ω–∫–∏ –≤ SELECT —î –≤ —ñ–Ω–¥–µ–∫—Å—ñ
- –¢–∞–±–ª–∏—Ü—è **VACUUM**'–ª–µ–Ω–∞ (visibility map –∞–∫—Ç—É–∞–ª—å–Ω–∞)

**Heap Fetches: 0** ‚Üê –Ω–∞–π–∫—Ä–∞—â–µ!  
**Heap Fetches: 500** ‚Üê —ñ–Ω–¥–µ–∫—Å –º—ñ—Å—Ç–∏—Ç—å –¥–∞–Ω—ñ, –∞–ª–µ —Ç—Ä–µ–±–∞ –ø–µ—Ä–µ–≤—ñ—Ä–∏—Ç–∏ visibility

**‚úÖ –ù–∞–π—à–≤–∏–¥—à–∏–π —Ç–∏–ø —Å–∫–∞–Ω—É–≤–∞–Ω–Ω—è**

### 4. Bitmap Index Scan / Bitmap Heap Scan

**–î–≤–æ—Ñ–∞–∑–Ω–∏–π —Å–∫–∞–Ω**: —Å–ø–æ—á–∞—Ç–∫—É —ñ–Ω–¥–µ–∫—Å ‚Üí bitmap ‚Üí —Å–æ—Ä—Ç—É–≤–∞–Ω–Ω—è ‚Üí heap.

```sql
EXPLAIN ANALYZE
SELECT * FROM orders WHERE user_id = 123;
```

```
Bitmap Heap Scan on orders  (cost=12.15..856.28 rows=500 width=128)
  Recheck Cond: (user_id = 123)
  Heap Blocks: exact=450
  ->  Bitmap Index Scan on idx_orders_user  (cost=0.00..12.03 rows=500)
        Index Cond: (user_id = 123)
```

**–Ø–∫ –ø—Ä–∞—Ü—é—î**:
1. **Bitmap Index Scan**: –°—Ç–≤–æ—Ä—é—î bitmap matching —Ä—è–¥–∫—ñ–≤
2. **–°–æ—Ä—Ç—É–≤–∞–Ω–Ω—è** bitmap –∑–∞ —Ñ—ñ–∑–∏—á–Ω–∏–º —Ä–æ–∑—Ç–∞—à—É–≤–∞–Ω–Ω—è–º (page number)
3. **Bitmap Heap Scan**: –ß–∏—Ç–∞—î heap pages **–ø–æ—Å–ª—ñ–¥–æ–≤–Ω–æ**

**–ü–µ—Ä–µ–≤–∞–≥–∏**:
- –ú–µ–Ω—à–µ random I/O –Ω—ñ–∂ Index Scan
- –ú–æ–∂–µ –ø–æ—î–¥–Ω—É–≤–∞—Ç–∏ –¥–µ–∫—ñ–ª—å–∫–∞ —ñ–Ω–¥–µ–∫—Å—ñ–≤ (BitmapAnd, BitmapOr)

**‚úÖ –î–æ–±—Ä–µ**: –î–ª—è —Å–µ—Ä–µ–¥–Ω—å–æ—ó —Å–µ–ª–µ–∫—Ç–∏–≤–Ω–æ—Å—Ç—ñ (5-20% —Ä—è–¥–∫—ñ–≤)  
**‚ùå –ü–æ–≥–∞–Ω–æ**: Overhead –¥–ª—è –¥—É–∂–µ –≤–∏—Å–æ–∫–æ—ó —Å–µ–ª–µ–∫—Ç–∏–≤–Ω–æ—Å—Ç—ñ

### 5. BitmapAnd / BitmapOr

**–ö–æ–º–±—ñ–Ω—É–≤–∞–Ω–Ω—è —ñ–Ω–¥–µ–∫—Å—ñ–≤** –¥–ª—è —Å–∫–ª–∞–¥–Ω–∏—Ö —É–º–æ–≤.

```sql
CREATE INDEX idx_orders_user ON orders(user_id);
CREATE INDEX idx_orders_status ON orders(status);

EXPLAIN ANALYZE
SELECT * FROM orders 
WHERE user_id = 123 AND status = 'pending';
```

```
Bitmap Heap Scan on orders  
  Recheck Cond: ((user_id = 123) AND (status = 'pending'))
  ->  BitmapAnd
        ->  Bitmap Index Scan on idx_orders_user
              Index Cond: (user_id = 123)
        ->  Bitmap Index Scan on idx_orders_status
              Index Cond: (status = 'pending')
```

**BitmapAnd**: –ü–µ—Ä–µ—Ç–∏–Ω —Ä–µ–∑—É–ª—å—Ç–∞—Ç—ñ–≤ (AND)  
**BitmapOr**: –û–±'—î–¥–Ω–∞–Ω–Ω—è —Ä–µ–∑—É–ª—å—Ç–∞—Ç—ñ–≤ (OR)

## üîÄ Join –æ–ø–µ—Ä–∞—Ü—ñ—ó

### 1. Nested Loop

**–ù–∞–π–ø—Ä–æ—Å—Ç—ñ—à–∏–π join**: –¥–ª—è –∫–æ–∂–Ω–æ–≥–æ —Ä—è–¥–∫–∞ A —à—É–∫–∞—î matching –≤ B.

```sql
EXPLAIN ANALYZE
SELECT * FROM orders o
JOIN users u ON o.user_id = u.id
WHERE u.email = 'user@example.com';
```

```
Nested Loop  (cost=0.71..24.76 rows=1 width=652)
  ->  Index Scan using idx_users_email on users u  
        (cost=0.42..8.44 rows=1)
        Index Cond: (email = 'user@example.com')
  ->  Index Scan using idx_orders_user on orders o  
        (cost=0.29..16.31 rows=5)
        Index Cond: (user_id = u.id)
```

**–°–∫–ª–∞–¥–Ω—ñ—Å—Ç—å**: O(N √ó M) –±–µ–∑ —ñ–Ω–¥–µ–∫—Å—ñ–≤, O(N √ó log M) –∑ —ñ–Ω–¥–µ–∫—Å–æ–º –Ω–∞ inner table

**‚úÖ –î–æ–±—Ä–µ**: 
- Outer table –º–∞—î –º–∞–ª–æ —Ä—è–¥–∫—ñ–≤
- Inner table –º–∞—î —ñ–Ω–¥–µ–∫—Å –Ω–∞ join –∫–æ–ª–æ–Ω—Ü—ñ

**‚ùå –ü–æ–≥–∞–Ω–æ**: 
- –û–±–∏–¥–≤—ñ —Ç–∞–±–ª–∏—Ü—ñ –≤–µ–ª–∏–∫—ñ
- –ù–µ–º–∞—î —ñ–Ω–¥–µ–∫—Å—É –Ω–∞ inner table

### 2. Hash Join

**–°—Ç–≤–æ—Ä–µ–Ω–Ω—è hash table** –≤ –ø–∞–º'—è—Ç—ñ –¥–ª—è —à–≤–∏–¥–∫–æ–≥–æ lookup.

```sql
EXPLAIN ANALYZE
SELECT * FROM orders o
JOIN products p ON o.product_id = p.id;
```

```
Hash Join  (cost=1234.00..5678.90 rows=10000 width=256)
  Hash Cond: (o.product_id = p.id)
  ->  Seq Scan on orders o  (cost=0.00..2345.00 rows=100000)
  ->  Hash  (cost=678.00..678.00 rows=5000 width=128)
        Buckets: 8192  Batches: 1  Memory Usage: 512kB
        ->  Seq Scan on products p  (cost=0.00..678.00 rows=5000)
```

**–ï—Ç–∞–ø–∏**:
1. –°–∫–∞–Ω—É–≤–∞—Ç–∏ **–º–µ–Ω—à—É** —Ç–∞–±–ª–∏—Ü—é (products)
2. –°—Ç–≤–æ—Ä–∏—Ç–∏ hash table –≤ `work_mem`
3. –°–∫–∞–Ω—É–≤–∞—Ç–∏ **–±—ñ–ª—å—à—É** —Ç–∞–±–ª–∏—Ü—é (orders) —ñ –ø—Ä–æ–±—É–≤–∞—Ç–∏ lookup

**Memory Usage** ‚Äî –∫—Ä–∏—Ç–∏—á–Ω–æ –≤–∞–∂–ª–∏–≤–∏–π –ø–∞—Ä–∞–º–µ—Ç—Ä!

**‚úÖ –î–æ–±—Ä–µ**:
- –û–±–∏–¥–≤—ñ —Ç–∞–±–ª–∏—Ü—ñ –≤–µ–ª–∏–∫—ñ
- –û–¥–Ω–∞ —Ç–∞–±–ª–∏—Ü—è –≤–º—ñ—â–∞—î—Ç—å—Å—è –≤ `work_mem`
- Equality join (=)

**‚ùå –ü–æ–≥–∞–Ω–æ**:
- Hash table –Ω–µ –≤–º—ñ—â—É—î—Ç—å—Å—è –≤ –ø–∞–º'—è—Ç—å (**Batches > 1**)
- Non-equality joins (<, >)

### 3. Merge Join

**–°–æ—Ä—Ç—É–≤–∞–Ω–Ω—è –æ–±–æ—Ö —Ç–∞–±–ª–∏—Ü—å** —ñ –∑–ª–∏—Ç—Ç—è –≤—ñ–¥—Å–æ—Ä—Ç–æ–≤–∞–Ω–∏—Ö —Å–ø–∏—Å–∫—ñ–≤.

```sql
EXPLAIN ANALYZE
SELECT * FROM orders o
JOIN users u ON o.user_id = u.id
ORDER BY u.id;
```

```
Merge Join  (cost=1234.56..5678.90 rows=10000 width=256)
  Merge Cond: (o.user_id = u.id)
  ->  Index Scan using idx_orders_user on orders o  
        (cost=0.29..2345.67 rows=100000)
  ->  Index Scan using users_pkey on users u  
        (cost=0.42..1234.56 rows=50000)
```

**–ï—Ç–∞–ø–∏**:
1. –°–æ—Ä—Ç—É–≤–∞—Ç–∏ –æ–±–∏–¥–≤—ñ —Ç–∞–±–ª–∏—Ü—ñ (–∞–±–æ –≤–∏–∫–æ—Ä–∏—Å—Ç–∞—Ç–∏ —ñ–Ω–¥–µ–∫—Å)
2. –ó–ª–∏—Ç–∏ –≤—ñ–¥—Å–æ—Ä—Ç–æ–≤–∞–Ω—ñ —Å–ø–∏—Å–∫–∏ (O(N + M))

**‚úÖ –î–æ–±—Ä–µ**:
- –î–∞–Ω—ñ –≤–∂–µ –≤—ñ–¥—Å–æ—Ä—Ç–æ–≤–∞–Ω—ñ (—ñ–Ω–¥–µ–∫—Å)
- –ü–æ—Ç—Ä—ñ–±–µ–Ω –≤—ñ–¥—Å–æ—Ä—Ç–æ–≤–∞–Ω–∏–π —Ä–µ–∑—É–ª—å—Ç–∞—Ç
- Equality join

**‚ùå –ü–æ–≥–∞–Ω–æ**:
- –ü–æ—Ç—Ä–µ–±–∞ –≤ —Å–æ—Ä—Ç—É–≤–∞–Ω–Ω—ñ (–≤–µ–ª–∏–∫–∏–π overhead)

## üìà –ê–Ω–∞–ª—ñ–∑ BUFFERS

```sql
EXPLAIN (ANALYZE, BUFFERS)
SELECT * FROM users WHERE email = 'user@example.com';
```

```
Index Scan using idx_users_email on users  
  (cost=0.42..8.44 rows=1 width=524) 
  (actual time=0.025..0.027 rows=1 loops=1)
  Index Cond: (email = 'user@example.com'::text)
  Buffers: shared hit=4
Planning:
  Buffers: shared hit=12
Planning Time: 0.156 ms
Execution Time: 0.052 ms
```

**–ú–µ—Ç—Ä–∏–∫–∏ Buffers**:

| –ú–µ—Ç—Ä–∏–∫–∞ | –ó–Ω–∞—á–µ–Ω–Ω—è |
|---------|----------|
| **shared hit** | –°—Ç–æ—Ä—ñ–Ω–∫–∏ –∑–Ω–∞–π–¥–µ–Ω—ñ –≤ shared_buffers (–∫–µ—à) ‚úÖ |
| **shared read** | –°—Ç–æ—Ä—ñ–Ω–∫–∏ –∑—á–∏—Ç–∞–Ω—ñ –∑ –¥–∏—Å–∫—É ‚ö†Ô∏è |
| **shared written** | –°—Ç–æ—Ä—ñ–Ω–∫–∏ –∑–∞–ø–∏—Å–∞–Ω—ñ –Ω–∞ –¥–∏—Å–∫ üêå |
| **temp read/written** | –í–∏–∫–æ—Ä–∏—Å—Ç–∞–Ω–Ω—è temp —Ñ–∞–π–ª—ñ–≤ (–¥—É–∂–µ –ø–æ–≤—ñ–ª—å–Ω–æ!) üî¥ |

**–ó–æ–ª–æ—Ç–µ –ø—Ä–∞–≤–∏–ª–æ**: `shared hit >> shared read` ‚úÖ

**–ü—Ä–∏–∫–ª–∞–¥ –ø—Ä–æ–±–ª–µ–º–∏**:

```
Buffers: shared hit=10 read=50000 written=5000
         temp read=10000 temp written=10000
```

**–ü—Ä–æ–±–ª–µ–º–∏**:
- üî¥ –ë–∞–≥–∞—Ç–æ `shared read` ‚Üí –ø–æ—Ç—Ä—ñ–±–Ω–æ –±—ñ–ª—å—à–µ `shared_buffers`
- üî¥ `temp read/written` ‚Üí –∑–∞–ø–∏—Ç –ø–æ—Ç—Ä–µ–±—É—î –±—ñ–ª—å—à–µ `work_mem`

## üéØ –ü—Ä–∞–∫—Ç–∏—á–Ω—ñ —Å—Ü–µ–Ω–∞—Ä—ñ—ó –æ–ø—Ç–∏–º—ñ–∑–∞—Ü—ñ—ó

### –°—Ü–µ–Ω–∞—Ä—ñ–π 1: Seq Scan –∑–∞–º—ñ—Å—Ç—å Index Scan

```sql
EXPLAIN ANALYZE
SELECT * FROM users WHERE created_at > '2020-01-01';
```

```
Seq Scan on users  (cost=0.00..1725.00 rows=90000 width=524)
  Filter: (created_at > '2020-01-01')
  Rows Removed by Filter: 10000
```

**–ü—Ä–æ–±–ª–µ–º–∞**: –ü–ª–∞–Ω—É–≤–∞–ª—å–Ω–∏–∫ –≤–≤–∞–∂–∞—î Seq Scan –¥–µ—à–µ–≤—à–∏–º

**–ü—Ä–∏—á–∏–Ω–∏**:
1. –ó–∞—Å—Ç–∞—Ä—ñ–ª—ñ —Å—Ç–∞—Ç–∏—Å—Ç–∏–∫–∏
2. –ó–∞–ø–∏—Ç –ø–æ–≤–µ—Ä—Ç–∞—î >15% —Ä—è–¥–∫—ñ–≤
3. –ù–µ–º–∞—î —ñ–Ω–¥–µ–∫—Å—É

**–†—ñ—à–µ–Ω–Ω—è**:

```sql
-- 1. –û–Ω–æ–≤–∏—Ç–∏ —Å—Ç–∞—Ç–∏—Å—Ç–∏–∫—É
ANALYZE users;

-- 2. –°—Ç–≤–æ—Ä–∏—Ç–∏ —ñ–Ω–¥–µ–∫—Å
CREATE INDEX idx_users_created ON users(created_at);

-- 3. Partial index –¥–ª—è recent data
CREATE INDEX idx_users_recent 
ON users(created_at) 
WHERE created_at > '2024-01-01';
```

### –°—Ü–µ–Ω–∞—Ä—ñ–π 2: –ü–æ–≤—ñ–ª—å–Ω–∏–π Nested Loop

```sql
EXPLAIN ANALYZE
SELECT * FROM orders o
JOIN products p ON o.product_id = p.id;
```

```
Nested Loop  (cost=0.00..500000.00 rows=100000 width=256)
  ->  Seq Scan on orders o  (cost=0.00..2000.00 rows=100000)
  ->  Seq Scan on products p  (cost=0.00..5.00 rows=1)
        Filter: (p.id = o.product_id)
        Rows Removed by Filter: 499
```

**–ü—Ä–æ–±–ª–µ–º–∞**: Seq Scan –Ω–∞ inner table ‚Üí O(N √ó M)

**–†—ñ—à–µ–Ω–Ω—è**:

```sql
-- –°—Ç–≤–æ—Ä–∏—Ç–∏ —ñ–Ω–¥–µ–∫—Å –Ω–∞ join –∫–æ–ª–æ–Ω—Ü—ñ
CREATE INDEX idx_products_id ON products(id);

-- –ü—ñ—Å–ª—è:
Nested Loop  (cost=0.29..1234.56 rows=100000 width=256)
  ->  Seq Scan on orders o
  ->  Index Scan using idx_products_id on products p
        Index Cond: (id = o.product_id)
```

### –°—Ü–µ–Ω–∞—Ä—ñ–π 3: Hash Join –∑ Batches

```sql
EXPLAIN (ANALYZE, BUFFERS)
SELECT * FROM large_table1 l1
JOIN large_table2 l2 ON l1.key = l2.key;
```

```
Hash Join  (cost=50000.00..200000.00 rows=1000000 width=256)
  Hash Cond: (l1.key = l2.key)
  Buffers: shared hit=10000 read=5000, temp read=50000 temp written=50000
  ->  Seq Scan on large_table1 l1
  ->  Hash  (cost=25000.00..25000.00 rows=500000 width=128)
        Buckets: 65536  Batches: 8  Memory Usage: 32MB  üî¥
```

**–ü—Ä–æ–±–ª–µ–º–∞**: `Batches: 8` + temp read/written ‚Üê hash table –Ω–µ –≤–º—ñ—â–∞—î—Ç—å—Å—è –≤ `work_mem`

**–†—ñ—à–µ–Ω–Ω—è**:

```sql
-- –ó–±—ñ–ª—å—à–∏—Ç–∏ work_mem –¥–ª—è —Å–µ—Å—ñ—ó
SET work_mem = '256MB';

-- –ê–±–æ –≥–ª–æ–±–∞–ª—å–Ω–æ (postgresql.conf)
work_mem = 64MB
```

**–ü—ñ—Å–ª—è**:

```
Hash  (cost=25000.00..25000.00 rows=500000 width=128)
  Buckets: 65536  Batches: 1  Memory Usage: 128MB  ‚úÖ
```

### –°—Ü–µ–Ω–∞—Ä—ñ–π 4: Index Not Used

```sql
CREATE INDEX idx_users_email ON users(email);

EXPLAIN ANALYZE
SELECT * FROM users WHERE LOWER(email) = 'user@example.com';
```

```
Seq Scan on users  (cost=0.00..1725.00 rows=50 width=524)
  Filter: (lower(email) = 'user@example.com')
```

**–ü—Ä–æ–±–ª–µ–º–∞**: –§—É–Ω–∫—Ü—ñ—è `LOWER()` –Ω–µ –º–æ–∂–µ –≤–∏–∫–æ—Ä–∏—Å—Ç–∞—Ç–∏ –∑–≤–∏—á–∞–π–Ω–∏–π —ñ–Ω–¥–µ–∫—Å

**–†—ñ—à–µ–Ω–Ω—è**:

```sql
-- Expression index
CREATE INDEX idx_users_email_lower ON users(LOWER(email));

-- –ü—ñ—Å–ª—è:
Index Scan using idx_users_email_lower on users
  Index Cond: (lower(email) = 'user@example.com')
```

## üõ†Ô∏è –ö–æ—Ä–∏—Å–Ω—ñ –∫–æ–º–∞–Ω–¥–∏

### –°—Ç–∞—Ç–∏—Å—Ç–∏–∫–∞ –ø–ª–∞–Ω—É–≤–∞–ª—å–Ω–∏–∫–∞

```sql
-- –û–Ω–æ–≤–∏—Ç–∏ —Å—Ç–∞—Ç–∏—Å—Ç–∏–∫—É
ANALYZE users;
ANALYZE;  -- –í—Å—è –ë–î

-- –ü–µ—Ä–µ–≤—ñ—Ä–∏—Ç–∏ —Å–≤—ñ–∂—ñ—Å—Ç—å —Å—Ç–∞—Ç–∏—Å—Ç–∏–∫–∏
SELECT 
    schemaname,
    tablename,
    last_analyze,
    last_autoanalyze,
    n_mod_since_analyze
FROM pg_stat_user_tables
WHERE n_mod_since_analyze > 1000;
```

### –ü–∞—Ä–∞–º–µ—Ç—Ä–∏ –ø–ª–∞–Ω—É–≤–∞–ª—å–Ω–∏–∫–∞

```sql
-- –ü–æ–∫–∞–∑–∞—Ç–∏ –ø–æ—Ç–æ—á–Ω—ñ –Ω–∞–ª–∞—à—Ç—É–≤–∞–Ω–Ω—è
SHOW seq_page_cost;
SHOW random_page_cost;
SHOW cpu_tuple_cost;
SHOW work_mem;

-- –¢–∏–º—á–∞—Å–æ–≤–æ –∑–º—ñ–Ω–∏—Ç–∏ (–¥–ª—è –µ–∫—Å–ø–µ—Ä–∏–º–µ–Ω—Ç—ñ–≤)
SET random_page_cost = 1.1;  -- SSD (–¥–µ—Ñ–æ–ª—Ç 4.0 –¥–ª—è HDD)
SET work_mem = '256MB';
```

### Forced plan –¥–ª—è —Ç–µ—Å—Ç—É–≤–∞–Ω–Ω—è

```sql
-- –í–∏–º–∫–Ω—É—Ç–∏ Nested Loop
SET enable_nestloop = off;

-- –í–∏–º–∫–Ω—É—Ç–∏ Seq Scan
SET enable_seqscan = off;

-- –ù–µ —Ä–æ–±—ñ—Ç—å —Ü–µ –≤ production! –¢—ñ–ª—å–∫–∏ –¥–ª—è –¥—ñ–∞–≥–Ω–æ—Å—Ç–∏–∫–∏.
```

## üìä –í—ñ–∑—É–∞–ª—ñ–∑–∞—Ü—ñ—è –ø–ª–∞–Ω—ñ–≤

**–û–Ω–ª–∞–π–Ω —ñ–Ω—Å—Ç—Ä—É–º–µ–Ω—Ç–∏**:
- [explain.depesz.com](https://explain.depesz.com/) ‚Üê –Ω–∞–π–ø–æ–ø—É–ª—è—Ä–Ω—ñ—à–∏–π
- [explain.dalibo.com](https://explain.dalibo.com/)
- [tatiyants.com/pev](https://tatiyants.com/pev/)

**JSON —Ñ–æ—Ä–º–∞—Ç –¥–ª—è –ø–∞—Ä—Å–∏–Ω–≥–∞**:

```sql
EXPLAIN (ANALYZE, BUFFERS, FORMAT JSON)
SELECT * FROM users WHERE email = 'user@example.com';
```

## üîó –ü–æ–≤'—è–∑–∞–Ω—ñ —Ç–µ–º–∏

- [[PostgreSQL - Index Types|–¢–∏–ø–∏ —ñ–Ω–¥–µ–∫—Å—ñ–≤]]
- [[PostgreSQL - Query Optimization|–û–ø—Ç–∏–º—ñ–∑–∞—Ü—ñ—è –∑–∞–ø–∏—Ç—ñ–≤]]
- [[PostgreSQL - Memory Configuration|–ù–∞–ª–∞—à—Ç—É–≤–∞–Ω–Ω—è –ø–∞–º'—è—Ç—ñ]]

## üìö –î–æ–¥–∞—Ç–∫–æ–≤—ñ —Ä–µ—Å—É—Ä—Å–∏

- [EXPLAIN Documentation](https://www.postgresql.org/docs/18/using-explain.html)
- [EXPLAIN Depesz](https://www.depesz.com/tag/unexplainable/)
- [Postgres EXPLAIN Visualizer](https://tatiyants.com/pev/)

## üè∑Ô∏è –¢–µ–≥–∏

#postgresql #explain #performance #optimization #query-tuning #indexes

---

**–û—Å—Ç–∞–Ω–Ω—î –æ–Ω–æ–≤–ª–µ–Ω–Ω—è**: 2025-01-17  
**–í–µ—Ä—Å—ñ—è**: PostgreSQL 18
